<?xml version="1.0" encoding="UTF-8"?>
<testsuite name="mil.t2com.moda.todo.task.TaskControllerTest" tests="1" skipped="0" failures="0" errors="0" timestamp="2026-03-20T20:42:53.311Z" hostname="RGCASWFA1534" time="0.066">
  <properties/>
  <testcase name="shouldGetAllTasks()" classname="mil.t2com.moda.todo.task.TaskControllerTest" time="0.066"/>
  <system-out><![CDATA[15:42:52.675 [Test worker] INFO org.springframework.test.context.support.AnnotationConfigContextLoaderUtils -- Could not detect default configuration classes for test class [mil.t2com.moda.todo.task.TaskControllerTest]: TaskControllerTest does not declare any static, non-private, non-final, nested classes annotated with @Configuration.
15:42:52.733 [Test worker] INFO org.springframework.boot.test.context.SpringBootTestContextBootstrapper -- Found @SpringBootConfiguration mil.t2com.moda.todo.TodoApplication for test class mil.t2com.moda.todo.task.TaskControllerTest

  .   ____          _            __ _ _
 /\\ / ___'_ __ _ _(_)_ __  __ _ \ \ \ \
( ( )\___ | '_ | '_| | '_ \/ _` | \ \ \ \
 \\/  ___)| |_)| | | | | || (_| |  ) ) ) )
  '  |____| .__|_| |_|_| |_\__, | / / / /
 =========|_|==============|___/=/_/_/_/

 :: Spring Boot ::                (v4.0.3)

2026-03-20T15:42:52.868-05:00  INFO 54870 --- [todo] [    Test worker] m.t.moda.todo.task.TaskControllerTest    : Starting TaskControllerTest using Java 21.0.9 with PID 54870 (started by e2505817 in /Users/e2505817/Documents/HTML/ToDo/cohort11-Todo-main)
2026-03-20T15:42:52.868-05:00  INFO 54870 --- [todo] [    Test worker] m.t.moda.todo.task.TaskControllerTest    : No active profile set, falling back to 1 default profile: "default"
2026-03-20T15:42:53.295-05:00  INFO 54870 --- [todo] [    Test worker] o.s.b.t.m.w.SpringBootMockServletContext : Initializing Spring TestDispatcherServlet ''
2026-03-20T15:42:53.295-05:00  INFO 54870 --- [todo] [    Test worker] o.s.t.web.servlet.TestDispatcherServlet  : Initializing Servlet ''
2026-03-20T15:42:53.296-05:00  INFO 54870 --- [todo] [    Test worker] o.s.t.web.servlet.TestDispatcherServlet  : Completed initialization in 1 ms
2026-03-20T15:42:53.309-05:00  INFO 54870 --- [todo] [    Test worker] m.t.moda.todo.task.TaskControllerTest    : Started TaskControllerTest in 0.547 seconds (process running for 0.994)

MockHttpServletRequest:
      HTTP Method = GET
      Request URI = /api/v1/task
       Parameters = {}
          Headers = []
             Body = null
    Session Attrs = {}

Handler:
             Type = mil.t2com.moda.todo.task.TaskController
           Method = mil.t2com.moda.todo.task.TaskController#findAllTasks()

Async:
    Async started = false
     Async result = null

Resolved Exception:
             Type = null

ModelAndView:
        View name = null
             View = null
            Model = null

FlashMap:
       Attributes = null

MockHttpServletResponse:
           Status = 200
    Error message = null
          Headers = [Content-Type:"application/json"]
     Content type = application/json
             Body = [{"title":"Learn about testing HTTP request/response","description":"Learn how to use WebMvcTest","isComplete":false,"category":{"label":"enablement","id":null},"id":1},{"title":"Learn about testing HTTP request/response","description":"Learn how to use WebMvcTest","isComplete":false,"category":{"label":"enablement","id":null},"id":1}]
    Forwarded URL = null
   Redirected URL = null
          Cookies = []
]]></system-out>
  <system-err><![CDATA[]]></system-err>
</testsuite>
